/usr/local/lib/ruby/1.9.1/webrick/utils.rb:73:in `initialize': Address already in use - bind(2) (Errno::EADDRINUSE)
	from /usr/local/lib/ruby/1.9.1/webrick/utils.rb:73:in `new'
	from /usr/local/lib/ruby/1.9.1/webrick/utils.rb:73:in `block in create_listeners'
	from /usr/local/lib/ruby/1.9.1/webrick/utils.rb:70:in `each'
	from /usr/local/lib/ruby/1.9.1/webrick/utils.rb:70:in `create_listeners'
	from /usr/local/lib/ruby/1.9.1/webrick/server.rb:74:in `listen'
	from /usr/local/lib/ruby/1.9.1/webrick/server.rb:62:in `initialize'
	from /usr/local/lib/ruby/1.9.1/webrick/httpserver.rb:24:in `initialize'
	from /usr/local/lib/ruby/gems/1.9.1/gems/rack-1.3.10/lib/rack/handler/webrick.rb:10:in `new'
	from /usr/local/lib/ruby/gems/1.9.1/gems/rack-1.3.10/lib/rack/handler/webrick.rb:10:in `run'
	from /usr/local/lib/ruby/gems/1.9.1/gems/rack-1.3.10/lib/rack/server.rb:268:in `start'
	from /usr/local/lib/ruby/gems/1.9.1/gems/railties-3.1.0/lib/rails/commands/server.rb:70:in `start'
	from /usr/local/lib/ruby/gems/1.9.1/gems/railties-3.1.0/lib/rails/commands.rb:54:in `block in <top (required)>'
	from /usr/local/lib/ruby/gems/1.9.1/gems/railties-3.1.0/lib/rails/commands.rb:49:in `tap'
	from /usr/local/lib/ruby/gems/1.9.1/gems/railties-3.1.0/lib/rails/commands.rb:49:in `<top (required)>'
	from script/rails:6:in `require'
	from script/rails:6:in `<main>'
[2013-03-17 04:48:52] INFO  WEBrick 1.3.1
[2013-03-17 04:48:52] INFO  ruby 1.9.2 (2011-07-09) [i686-linux]
[2013-03-17 04:48:52] WARN  TCPServer Error: Address already in use - bind(2)
[2013-03-17 15:15:06] INFO  WEBrick 1.3.1
[2013-03-17 15:15:06] INFO  ruby 1.9.2 (2011-07-09) [i686-linux]
[2013-03-17 15:15:06] INFO  WEBrick::HTTPServer#start: pid=2479 port=3000
[2013-03-17 15:52:08] INFO  going to shutdown ...
[2013-03-17 15:52:08] INFO  WEBrick::HTTPServer#start done.
